<?xml version="1.0" encoding="UTF-8"?>
<!-- Generated by org.testng.reporters.JUnitReportReporter -->
<testsuite skipped="0" hostname="Bhargav" name="Watches.Benz_Test" tests="1" failures="0" timestamp="2024-03-22T10:57:23 IST" time="4.476" errors="0">
  <testcase name="benz" time="4.476" classname="Watches.Benz_Test"/>
  <system-out/>
</testsuite> <!-- Watches.Benz_Test -->
