<?xml version="1.0" encoding="UTF-8"?>
<!-- Generated by org.testng.reporters.JUnitReportReporter -->
<testsuite skipped="0" hostname="Bhargav" name="Watches.Bmw_Test" tests="1" failures="0" timestamp="2024-03-22T10:57:23 IST" time="3.047" errors="0">
  <testcase name="bmw" time="3.047" classname="Watches.Bmw_Test"/>
  <system-out/>
</testsuite> <!-- Watches.Bmw_Test -->
