<?xml version="1.0" encoding="UTF-8"?>
<!-- Generated by org.testng.reporters.JUnitReportReporter -->
<testsuite skipped="0" hostname="Bhargav" name="Games.Activision_Test" tests="1" failures="0" timestamp="2024-03-25T02:05:06 IST" time="5.408" errors="0">
  <testcase name="helios" time="5.408" classname="Games.Activision_Test"/>
  <system-out/>
</testsuite> <!-- Games.Activision_Test -->
