<?xml version="1.0" encoding="UTF-8"?>
<!-- Generated by org.testng.reporters.JUnitReportReporter -->
<testsuite skipped="0" hostname="Bhargav" name="Watches.Rado_Test" tests="1" failures="0" timestamp="2024-03-22T10:57:23 IST" time="3.367" errors="0">
  <testcase name="rado" time="3.367" classname="Watches.Rado_Test"/>
  <system-out/>
</testsuite> <!-- Watches.Rado_Test -->
