<?xml version="1.0" encoding="UTF-8"?>
<!-- Generated by org.testng.reporters.JUnitReportReporter -->
<testsuite skipped="0" hostname="Bhargav" name="Watches.Helios_Test" tests="1" failures="0" timestamp="2024-03-22T10:57:23 IST" time="8.247" errors="0">
  <testcase name="helios" time="8.247" classname="Watches.Helios_Test"/>
  <system-out/>
</testsuite> <!-- Watches.Helios_Test -->
