<?xml version="1.0" encoding="UTF-8"?>
<!-- Generated by org.testng.reporters.JUnitReportReporter -->
<testsuite skipped="0" hostname="Bhargav" name="Watches.Boat_Test" tests="1" failures="0" timestamp="2024-03-22T10:57:23 IST" time="3.674" errors="0">
  <testcase name="boat" time="3.674" classname="Watches.Boat_Test"/>
  <system-out/>
</testsuite> <!-- Watches.Boat_Test -->
