<?xml version="1.0" encoding="UTF-8"?>
<!-- Generated by org.testng.reporters.JUnitReportReporter -->
<testsuite skipped="0" hostname="Bhargav" name="Games.Softonic_Test" tests="1" failures="0" timestamp="2024-03-25T02:05:06 IST" time="11.776" errors="0">
  <testcase name="softonic" time="11.776" classname="Games.Softonic_Test"/>
  <system-out/>
</testsuite> <!-- Games.Softonic_Test -->
