<?xml version="1.0" encoding="UTF-8"?>
<!-- Generated by org.testng.reporters.JUnitReportReporter -->
<testsuite skipped="0" hostname="Bhargav" name="Games.Gameloft_Test" tests="1" failures="0" timestamp="2024-03-25T02:05:06 IST" time="6.672" errors="0">
  <testcase name="helios" time="6.672" classname="Games.Gameloft_Test"/>
  <system-out/>
</testsuite> <!-- Games.Gameloft_Test -->
