<?xml version="1.0" encoding="UTF-8"?>
<!-- Generated by org.testng.reporters.JUnitReportReporter -->
<testsuite skipped="0" hostname="Bhargav" name="Games.Activision_Test" tests="1" failures="0" timestamp="2024-06-02T13:12:38 IST" time="6.975" errors="0">
  <testcase name="helios" time="6.975" classname="Games.Activision_Test"/>
  <system-out/>
</testsuite> <!-- Games.Activision_Test -->
