<?xml version="1.0" encoding="UTF-8"?>
<!-- Generated by org.testng.reporters.JUnitReportReporter -->
<testsuite skipped="0" hostname="Bhargav" name="Watches.Benz_Test" tests="1" failures="0" timestamp="2024-03-22T10:22:30 IST" time="4.230" errors="0">
  <testcase name="benz" time="4.230" classname="Watches.Benz_Test"/>
  <system-out/>
</testsuite> <!-- Watches.Benz_Test -->
