<?xml version="1.0" encoding="UTF-8"?>
<!-- Generated by org.testng.reporters.JUnitReportReporter -->
<testsuite skipped="0" hostname="Bhargav" name="Games.Gameloft_Test" tests="1" failures="0" timestamp="2024-06-02T13:12:38 IST" time="21.098" errors="0">
  <testcase name="helios" time="21.098" classname="Games.Gameloft_Test"/>
  <system-out/>
</testsuite> <!-- Games.Gameloft_Test -->
