<?xml version="1.0" encoding="UTF-8"?>
<!-- Generated by org.testng.reporters.JUnitReportReporter -->
<testsuite skipped="0" hostname="Bhargav" name="Watches.Casio_Test" tests="1" failures="0" timestamp="2024-03-22T10:21:18 IST" time="5.505" errors="0">
  <testcase name="casio" time="5.505" classname="Watches.Casio_Test"/>
  <system-out/>
</testsuite> <!-- Watches.Casio_Test -->
