<?xml version="1.0" encoding="UTF-8"?>
<!-- Generated by org.testng.reporters.JUnitReportReporter -->
<testsuite skipped="0" hostname="Bhargav" name="Games.Softonic_Test" tests="1" failures="0" timestamp="2024-06-02T13:12:38 IST" time="31.784" errors="0">
  <testcase name="softonic" time="31.784" classname="Games.Softonic_Test"/>
  <system-out/>
</testsuite> <!-- Games.Softonic_Test -->
